<?xml version="1.0" encoding="UTF-8"?>
<!-- Generated by org.testng.reporters.JUnitReportReporter -->
<testsuite skipped="0" hostname="user-PC" name="com.valite.selenium.Test" tests="1" failures="0" timestamp="07 Apr 2019 12:11:50 GMT" time="0.032" errors="0">
  <testcase name="test" time="0.032" classname="com.valite.selenium.Test"/>
</testsuite> <!-- com.valite.selenium.Test -->
