<?xml version="1.0" encoding="UTF-8"?>
<!-- Generated by org.testng.reporters.JUnitReportReporter -->
<testsuite skipped="0" hostname="user-PC" name="initializeClass.Test" tests="1" failures="0" timestamp="08 Apr 2019 06:58:35 GMT" time="0.038" errors="0">
  <testcase name="test" time="0.038" classname="initializeClass.Test"/>
</testsuite> <!-- initializeClass.Test -->
