<?xml version="1.0" encoding="UTF-8"?>
<!-- Generated by org.testng.reporters.JUnitReportReporter -->
<testsuite skipped="0" hostname="user-PC" name="userTest.UserCreateVerify" tests="3" failures="0" timestamp="18 Jun 2019 11:33:53 GMT" time="20.880" errors="0">
  <testcase name="createUser" time="11.338" classname="userTest.UserCreateVerify"/>
  <testcase name="deleteUser" time="6.139" classname="userTest.UserCreateVerify"/>
  <testcase name="userSearch" time="3.403" classname="userTest.UserCreateVerify"/>
</testsuite> <!-- userTest.UserCreateVerify -->
