<?xml version="1.0" encoding="UTF-8"?>
<!-- Generated by org.testng.reporters.JUnitReportReporter -->
<testsuite skipped="0" hostname="user-PC" name="userTest.VerifyLogin" tests="1" failures="0" timestamp="22 May 2019 08:56:33 GMT" time="7.548" errors="0">
  <testcase name="verifyLogin" time="7.548" classname="userTest.VerifyLogin"/>
</testsuite> <!-- userTest.VerifyLogin -->
